2021-09-06 11:08:55,443 INFO 10824 [egg:logger] init all loggers with options: {"dir":"/home/leway/home/playCode/easy-react-ssr-test/logs","encoding":"utf8","env":"prod","level":"INFO","consoleLevel":"DEBUG","disableConsoleAfterReady":true,"outputJSON":false,"buffer":true,"appLogName":"easy-react-ssr-test-web.log","coreLogName":"egg-web.log","agentLogName":"egg-agent.log","errorLogName":"common-error.log","coreLogger":{},"allowDebugAtProd":false,"type":"application"}
2021-09-06 11:08:55,462 INFO 10824 [egg-multipart] stream mode enable
2021-09-06 11:08:55,517 INFO 10824 [egg-static] starting static serve /public/ -> /home/leway/home/playCode/easy-react-ssr-test/public
2021-09-06 11:08:55,520 INFO 10824 [egg-security] use csrf middleware
2021-09-06 11:08:55,521 INFO 10824 [egg-security] use methodnoallow middleware
2021-09-06 11:08:55,521 INFO 10824 [egg-security] use noopen middleware
2021-09-06 11:08:55,522 INFO 10824 [egg-security] use nosniff middleware
2021-09-06 11:08:55,522 INFO 10824 [egg-security] use xssProtection middleware
2021-09-06 11:08:55,523 INFO 10824 [egg-security] use xframe middleware
2021-09-06 11:08:55,523 INFO 10824 [egg-security] use dta middleware
2021-09-06 11:08:55,523 INFO 10824 [egg-security] compose 7 middlewares into one security middleware
2021-09-06 11:08:55,532 INFO 10824 [egg:core] dump config after load, 4ms
2021-09-06 11:08:55,554 INFO 10824 [egg-watcher:application] watcher start success
2021-09-06 11:08:55,572 INFO 10824 [egg:core] dump config after ready, 14ms
2021-09-06 11:08:55,450 INFO 10810 [egg:logger] init all loggers with options: {"dir":"/home/leway/home/playCode/easy-react-ssr-test/logs","encoding":"utf8","env":"prod","level":"INFO","consoleLevel":"DEBUG","disableConsoleAfterReady":true,"outputJSON":false,"buffer":true,"appLogName":"easy-react-ssr-test-web.log","coreLogName":"egg-web.log","agentLogName":"egg-agent.log","errorLogName":"common-error.log","coreLogger":{},"allowDebugAtProd":false,"type":"application"}
2021-09-06 11:08:55,476 INFO 10810 [egg-multipart] stream mode enable
2021-09-06 11:08:55,541 INFO 10810 [egg-static] starting static serve /public/ -> /home/leway/home/playCode/easy-react-ssr-test/public
2021-09-06 11:08:55,544 INFO 10810 [egg-security] use csrf middleware
2021-09-06 11:08:55,544 INFO 10810 [egg-security] use methodnoallow middleware
2021-09-06 11:08:55,545 INFO 10810 [egg-security] use noopen middleware
2021-09-06 11:08:55,546 INFO 10810 [egg-security] use nosniff middleware
2021-09-06 11:08:55,546 INFO 10810 [egg-security] use xssProtection middleware
2021-09-06 11:08:55,547 INFO 10810 [egg-security] use xframe middleware
2021-09-06 11:08:55,547 INFO 10810 [egg-security] use dta middleware
2021-09-06 11:08:55,547 INFO 10810 [egg-security] compose 7 middlewares into one security middleware
2021-09-06 11:08:55,556 INFO 10810 [egg:core] dump config after load, 5ms
2021-09-06 11:08:55,579 INFO 10810 [egg-watcher:application] watcher start success
2021-09-06 11:08:55,606 INFO 10810 [egg:core] dump config after ready, 24ms
2021-09-06 11:08:55,458 INFO 10831 [egg:logger] init all loggers with options: {"dir":"/home/leway/home/playCode/easy-react-ssr-test/logs","encoding":"utf8","env":"prod","level":"INFO","consoleLevel":"DEBUG","disableConsoleAfterReady":true,"outputJSON":false,"buffer":true,"appLogName":"easy-react-ssr-test-web.log","coreLogName":"egg-web.log","agentLogName":"egg-agent.log","errorLogName":"common-error.log","coreLogger":{},"allowDebugAtProd":false,"type":"application"}
2021-09-06 11:08:55,479 INFO 10831 [egg-multipart] stream mode enable
2021-09-06 11:08:55,543 INFO 10831 [egg-static] starting static serve /public/ -> /home/leway/home/playCode/easy-react-ssr-test/public
2021-09-06 11:08:55,546 INFO 10831 [egg-security] use csrf middleware
2021-09-06 11:08:55,547 INFO 10831 [egg-security] use methodnoallow middleware
2021-09-06 11:08:55,548 INFO 10831 [egg-security] use noopen middleware
2021-09-06 11:08:55,549 INFO 10831 [egg-security] use nosniff middleware
2021-09-06 11:08:55,549 INFO 10831 [egg-security] use xssProtection middleware
2021-09-06 11:08:55,550 INFO 10831 [egg-security] use xframe middleware
2021-09-06 11:08:55,550 INFO 10831 [egg-security] use dta middleware
2021-09-06 11:08:55,550 INFO 10831 [egg-security] compose 7 middlewares into one security middleware
2021-09-06 11:08:55,573 INFO 10831 [egg:core] dump config after load, 16ms
2021-09-06 11:08:55,591 INFO 10831 [egg-watcher:application] watcher start success
2021-09-06 11:08:55,600 INFO 10831 [egg:core] dump config after ready, 5ms
2021-09-06 11:08:55,464 INFO 10816 [egg:logger] init all loggers with options: {"dir":"/home/leway/home/playCode/easy-react-ssr-test/logs","encoding":"utf8","env":"prod","level":"INFO","consoleLevel":"DEBUG","disableConsoleAfterReady":true,"outputJSON":false,"buffer":true,"appLogName":"easy-react-ssr-test-web.log","coreLogName":"egg-web.log","agentLogName":"egg-agent.log","errorLogName":"common-error.log","coreLogger":{},"allowDebugAtProd":false,"type":"application"}
2021-09-06 11:08:55,488 INFO 10816 [egg-multipart] stream mode enable
2021-09-06 11:08:55,589 INFO 10816 [egg-static] starting static serve /public/ -> /home/leway/home/playCode/easy-react-ssr-test/public
2021-09-06 11:08:55,591 INFO 10816 [egg-security] use csrf middleware
2021-09-06 11:08:55,592 INFO 10816 [egg-security] use methodnoallow middleware
2021-09-06 11:08:55,592 INFO 10816 [egg-security] use noopen middleware
2021-09-06 11:08:55,593 INFO 10816 [egg-security] use nosniff middleware
2021-09-06 11:08:55,593 INFO 10816 [egg-security] use xssProtection middleware
2021-09-06 11:08:55,594 INFO 10816 [egg-security] use xframe middleware
2021-09-06 11:08:55,594 INFO 10816 [egg-security] use dta middleware
2021-09-06 11:08:55,595 INFO 10816 [egg-security] compose 7 middlewares into one security middleware
2021-09-06 11:08:55,604 INFO 10816 [egg:core] dump config after load, 4ms
2021-09-06 11:08:55,618 INFO 10816 [egg-watcher:application] watcher start success
2021-09-06 11:08:55,625 INFO 10816 [egg:core] dump config after ready, 4ms
2021-09-06 11:08:55,464 INFO 10817 [egg:logger] init all loggers with options: {"dir":"/home/leway/home/playCode/easy-react-ssr-test/logs","encoding":"utf8","env":"prod","level":"INFO","consoleLevel":"DEBUG","disableConsoleAfterReady":true,"outputJSON":false,"buffer":true,"appLogName":"easy-react-ssr-test-web.log","coreLogName":"egg-web.log","agentLogName":"egg-agent.log","errorLogName":"common-error.log","coreLogger":{},"allowDebugAtProd":false,"type":"application"}
2021-09-06 11:08:55,488 INFO 10817 [egg-multipart] stream mode enable
2021-09-06 11:08:55,569 INFO 10817 [egg-static] starting static serve /public/ -> /home/leway/home/playCode/easy-react-ssr-test/public
2021-09-06 11:08:55,574 INFO 10817 [egg-security] use csrf middleware
2021-09-06 11:08:55,575 INFO 10817 [egg-security] use methodnoallow middleware
2021-09-06 11:08:55,575 INFO 10817 [egg-security] use noopen middleware
2021-09-06 11:08:55,576 INFO 10817 [egg-security] use nosniff middleware
2021-09-06 11:08:55,577 INFO 10817 [egg-security] use xssProtection middleware
2021-09-06 11:08:55,577 INFO 10817 [egg-security] use xframe middleware
2021-09-06 11:08:55,578 INFO 10817 [egg-security] use dta middleware
2021-09-06 11:08:55,578 INFO 10817 [egg-security] compose 7 middlewares into one security middleware
2021-09-06 11:08:55,589 INFO 10817 [egg:core] dump config after load, 6ms
2021-09-06 11:08:55,606 INFO 10817 [egg-watcher:application] watcher start success
2021-09-06 11:08:55,613 INFO 10817 [egg:core] dump config after ready, 4ms
2021-09-06 11:08:55,484 INFO 10837 [egg:logger] init all loggers with options: {"dir":"/home/leway/home/playCode/easy-react-ssr-test/logs","encoding":"utf8","env":"prod","level":"INFO","consoleLevel":"DEBUG","disableConsoleAfterReady":true,"outputJSON":false,"buffer":true,"appLogName":"easy-react-ssr-test-web.log","coreLogName":"egg-web.log","agentLogName":"egg-agent.log","errorLogName":"common-error.log","coreLogger":{},"allowDebugAtProd":false,"type":"application"}
2021-09-06 11:08:55,509 INFO 10837 [egg-multipart] stream mode enable
2021-09-06 11:08:55,582 INFO 10837 [egg-static] starting static serve /public/ -> /home/leway/home/playCode/easy-react-ssr-test/public
2021-09-06 11:08:55,585 INFO 10837 [egg-security] use csrf middleware
2021-09-06 11:08:55,585 INFO 10837 [egg-security] use methodnoallow middleware
2021-09-06 11:08:55,586 INFO 10837 [egg-security] use noopen middleware
2021-09-06 11:08:55,587 INFO 10837 [egg-security] use nosniff middleware
2021-09-06 11:08:55,587 INFO 10837 [egg-security] use xssProtection middleware
2021-09-06 11:08:55,588 INFO 10837 [egg-security] use xframe middleware
2021-09-06 11:08:55,588 INFO 10837 [egg-security] use dta middleware
2021-09-06 11:08:55,588 INFO 10837 [egg-security] compose 7 middlewares into one security middleware
2021-09-06 11:08:55,598 INFO 10837 [egg:core] dump config after load, 5ms
2021-09-06 11:08:55,613 INFO 10837 [egg-watcher:application] watcher start success
2021-09-06 11:08:55,620 INFO 10837 [egg:core] dump config after ready, 5ms
2021-09-06 11:11:20,104 INFO 11277 [egg:logger] init all loggers with options: {"dir":"/home/leway/home/playCode/easy-react-ssr-test/logs","encoding":"utf8","env":"local","level":"INFO","consoleLevel":"DEBUG","disableConsoleAfterReady":false,"outputJSON":false,"buffer":true,"appLogName":"easy-react-ssr-test-web.log","coreLogName":"egg-web.log","agentLogName":"egg-agent.log","errorLogName":"common-error.log","coreLogger":{"consoleLevel":"WARN"},"allowDebugAtProd":false,"type":"application"}
2021-09-06 11:11:20,120 INFO 11277 [egg-multipart] stream mode enable
2021-09-06 11:11:20,156 INFO 11277 [egg-static] starting static serve /public/ -> /home/leway/home/playCode/easy-react-ssr-test/public
2021-09-06 11:11:20,157 INFO 11277 [egg-security] use csrf middleware
2021-09-06 11:11:20,158 INFO 11277 [egg-security] use methodnoallow middleware
2021-09-06 11:11:20,158 INFO 11277 [egg-security] use noopen middleware
2021-09-06 11:11:20,158 INFO 11277 [egg-security] use nosniff middleware
2021-09-06 11:11:20,158 INFO 11277 [egg-security] use xssProtection middleware
2021-09-06 11:11:20,159 INFO 11277 [egg-security] use xframe middleware
2021-09-06 11:11:20,159 INFO 11277 [egg-security] use dta middleware
2021-09-06 11:11:20,159 INFO 11277 [egg-security] compose 7 middlewares into one security middleware
2021-09-06 11:11:20,166 INFO 11277 [egg:core] dump config after load, 4ms
2021-09-06 11:11:20,181 INFO 11277 [egg-watcher:application] watcher start success
2021-09-06 11:11:20,188 INFO 11277 [egg:core] dump config after ready, 5ms
2021-09-06 13:35:06,773 WARN 11277 [ClusterClient:Watcher] follower closed, and try to init it again
